[17:37:11] [Server thread/INFO]: Starting minecraft server version 1.7.10
[17:38:37] [Server thread/INFO]: Loading properties
[17:38:37] [Server thread/INFO]: Default game type: SURVIVAL
[17:38:37] [Server thread/INFO]: Generating keypair
[17:38:37] [Server thread/INFO]: Starting Minecraft server on *:25565
[17:39:12] [Server thread/INFO]: Preparing level "world"
[17:39:13] [Server thread/WARN]: Unable to find spawn biome
[17:39:14] [Server thread/INFO]: Preparing start region for level 0
[17:39:15] [Server thread/INFO]: Preparing spawn area: 7%
[17:39:16] [Server thread/INFO]: Preparing spawn area: 22%
[17:39:17] [Server thread/INFO]: Preparing spawn area: 38%
[17:39:18] [Server thread/INFO]: Preparing spawn area: 53%
[17:39:19] [Server thread/INFO]: Preparing spawn area: 68%
[17:39:20] [Server thread/INFO]: Preparing spawn area: 82%
[17:39:21] [Server thread/INFO]: Preparing spawn area: 99%
[17:39:21] [Server thread/INFO]: Done (9,509s)! For help, type "help" or "?"
[17:40:42] [Server thread/INFO]: Stopping the server
[17:40:43] [Server thread/INFO]: Stopping server
[17:40:43] [Server thread/INFO]: Saving players
[17:40:43] [Server thread/INFO]: Saving worlds
[17:40:43] [Server thread/INFO]: Saving chunks for level 'world'/Overworld
[17:40:43] [Server thread/INFO]: Saving chunks for level 'world'/Nether
[17:40:43] [Server thread/INFO]: Saving chunks for level 'world'/The Last Millenium
[17:40:43] [Server thread/INFO]: Saving chunks for level 'world'/Moon
[17:40:43] [Server thread/INFO]: Saving chunks for level 'world'/Pocket Plane
[17:40:43] [Server thread/INFO]: Saving chunks for level 'world'/Mars
[17:40:43] [Server thread/INFO]: Saving chunks for level 'world'/Asteroids
[17:40:43] [Server thread/INFO]: Saving chunks for level 'world'/Jupiter
[17:40:43] [Server thread/INFO]: Saving chunks for level 'world'/Diona
[17:40:43] [Server thread/INFO]: Saving chunks for level 'world'/Koentus
[17:40:43] [Server thread/INFO]: Saving chunks for level 'world'/Outer Lands
[17:40:43] [Server thread/INFO]: Saving chunks for level 'world'/Polongnius
[17:40:43] [Server thread/INFO]: Saving chunks for level 'world'/Nibiru
[17:40:43] [Server thread/INFO]: Saving chunks for level 'world'/Fronos
[17:40:43] [Server thread/INFO]: Saving chunks for level 'world'/Kapteyn B
[17:40:43] [Server thread/INFO]: Saving chunks for level 'world'/Sirius B
[17:40:43] [Server thread/INFO]: Saving chunks for level 'world'/Betweenlands
[17:40:43] [Server thread/INFO]: Saving chunks for level 'world'/Mercury
[17:40:43] [Server thread/INFO]: Saving chunks for level 'world'/Venus
[17:40:43] [Server thread/INFO]: Saving chunks for level 'world'/Pluto
[17:40:43] [Server thread/INFO]: Saving chunks for level 'world'/Deimos
[17:40:43] [Server thread/INFO]: Saving chunks for level 'world'/Phobos
[17:40:43] [Server thread/INFO]: Saving chunks for level 'world'/Dark Asteroids
[17:40:43] [Server thread/INFO]: Saving chunks for level 'world'/CompactMachinesWorld
